<?xml version="1.0" encoding="UTF-8"?>
<!-- Generated by org.testng.reporters.JUnitReportReporter -->
<testsuite skipped="0" hostname="LAPTOP-36B4VAO2" name="com.techbilling.testcase.ProductNServicesTest" tests="1" failures="0" timestamp="12 Jan 2019 17:28:34 GMT" time="12.455" errors="0">
  <testcase name="newproductTest" time="12.455" classname="com.techbilling.testcase.ProductNServicesTest"/>
</testsuite> <!-- com.techbilling.testcase.ProductNServicesTest -->
