<?xml version="1.0" encoding="UTF-8"?>
<!-- Generated by org.testng.reporters.JUnitReportReporter -->
<testsuite skipped="0" hostname="LAPTOP-36B4VAO2" name="com.techbilling.testcase.LoginTest" tests="2" failures="0" timestamp="12 Jan 2019 21:06:29 GMT" time="13.785" errors="0">
  <testcase name="loginPageTitle" time="5.923" classname="com.techbilling.testcase.LoginTest"/>
  <testcase name="filloutloginField" time="7.862" classname="com.techbilling.testcase.LoginTest"/>
</testsuite> <!-- com.techbilling.testcase.LoginTest -->
